# JRE version: Java(TM) SE Runtime Environment (8.0_25-b18) (build 1.8.0_25-b18)
# Java VM: Java HotSpot(TM) 64-Bit Server VM (25.25-b02 mixed mode windows-amd64 compressed oops)
Heap:
 PSYoungGen      total 16384K, used 15936K [0x00000000eb400000, 0x00000000ec500000, 0x0000000100000000)
  eden space 15872K, 100% used [0x00000000eb400000,0x00000000ec380000,0x00000000ec380000)
  from space 512K, 12% used [0x00000000ec400000,0x00000000ec410000,0x00000000ec480000)
  to   space 512K, 0% used [0x00000000ec480000,0x00000000ec480000,0x00000000ec500000)
 ParOldGen       total 44032K, used 2261K [0x00000000c1c00000, 0x00000000c4700000, 0x00000000eb400000)
  object space 44032K, 5% used [0x00000000c1c00000,0x00000000c1e35738,0x00000000c4700000)
 Metaspace       used 11931K, capacity 12166K, committed 12288K, reserved 1060864K
  class space    used 1410K, capacity 1482K, committed 1536K, reserved 1048576K
GC Heap History (10 events):
Event: 42.840 GC heap before
{Heap before GC invocations=49 (full 0):
 PSYoungGen      total 16384K, used 15936K [0x00000000eb400000, 0x00000000ec500000, 0x0000000100000000)
  eden space 15872K, 100% used [0x00000000eb400000,0x00000000ec380000,0x00000000ec380000)
  from space 512K, 12% used [0x00000000ec480000,0x00000000ec490000,0x00000000ec500000)
  to   space 512K, 0% used [0x00000000ec400000,0x00000000ec400000,0x00000000ec480000)
 ParOldGen       total 44032K, used 2213K [0x00000000c1c00000, 0x00000000c4700000, 0x00000000eb400000)
  object space 44032K, 5% used [0x00000000c1c00000,0x00000000c1e29738,0x00000000c4700000)
 Metaspace       used 11922K, capacity 12102K, committed 12288K, reserved 1060864K
  class space    used 1409K, capacity 1482K, committed 1536K, reserved 1048576K
Event: 42.841 GC heap after
Heap after GC invocations=49 (full 0):
 PSYoungGen      total 16384K, used 96K [0x00000000eb400000, 0x00000000ec500000, 0x0000000100000000)
  eden space 15872K, 0% used [0x00000000eb400000,0x00000000eb400000,0x00000000ec380000)
  from space 512K, 18% used [0x00000000ec400000,0x00000000ec418000,0x00000000ec480000)
  to   space 512K, 0% used [0x00000000ec480000,0x00000000ec480000,0x00000000ec500000)
 ParOldGen       total 44032K, used 2221K [0x00000000c1c00000, 0x00000000c4700000, 0x00000000eb400000)
  object space 44032K, 5% used [0x00000000c1c00000,0x00000000c1e2b738,0x00000000c4700000)
 Metaspace       used 11922K, capacity 12102K, committed 12288K, reserved 1060864K
  class space    used 1409K, capacity 1482K, committed 1536K, reserved 1048576K
}
Event: 43.186 GC heap before
{Heap before GC invocations=50 (full 0):
 PSYoungGen      total 16384K, used 15968K [0x00000000eb400000, 0x00000000ec500000, 0x0000000100000000)
  eden space 15872K, 100% used [0x00000000eb400000,0x00000000ec380000,0x00000000ec380000)
  from space 512K, 18% used [0x00000000ec400000,0x00000000ec418000,0x00000000ec480000)
  to   space 512K, 0% used [0x00000000ec480000,0x00000000ec480000,0x00000000ec500000)
 ParOldGen       total 44032K, used 2221K [0x00000000c1c00000, 0x00000000c4700000, 0x00000000eb400000)
  object space 44032K, 5% used [0x00000000c1c00000,0x00000000c1e2b738,0x00000000c4700000)
 Metaspace       used 11922K, capacity 12102K, committed 12288K, reserved 1060864K
  class space    used 1409K, capacity 1482K, committed 1536K, reserved 1048576K
Event: 43.187 GC heap after
Heap after GC invocations=50 (full 0):
 PSYoungGen      total 16384K, used 64K [0x00000000eb400000, 0x00000000ec500000, 0x0000000100000000)
  eden space 15872K, 0% used [0x00000000eb400000,0x00000000eb400000,0x00000000ec380000)
  from space 512K, 12% used [0x00000000ec480000,0x00000000ec490000,0x00000000ec500000)
  to   space 512K, 0% used [0x00000000ec400000,0x00000000ec400000,0x00000000ec480000)
 ParOldGen       total 44032K, used 2245K [0x00000000c1c00000, 0x00000000c4700000, 0x00000000eb400000)
  object space 44032K, 5% used [0x00000000c1c00000,0x00000000c1e31738,0x00000000c4700000)
 Metaspace       used 11922K, capacity 12102K, committed 12288K, reserved 1060864K
  class space    used 1409K, capacity 1482K, committed 1536K, reserved 1048576K
}
Event: 43.535 GC heap before
{Heap before GC invocations=51 (full 0):
 PSYoungGen      total 16384K, used 15936K [0x00000000eb400000, 0x00000000ec500000, 0x0000000100000000)
  eden space 15872K, 100% used [0x00000000eb400000,0x00000000ec380000,0x00000000ec380000)
  from space 512K, 12% used [0x00000000ec480000,0x00000000ec490000,0x00000000ec500000)
  to   space 512K, 0% used [0x00000000ec400000,0x00000000ec400000,0x00000000ec480000)
 ParOldGen       total 44032K, used 2245K [0x00000000c1c00000, 0x00000000c4700000, 0x00000000eb400000)
  object space 44032K, 5% used [0x00000000c1c00000,0x00000000c1e31738,0x00000000c4700000)
 Metaspace       used 11922K, capacity 12102K, committed 12288K, reserved 1060864K
  class space    used 1409K, capacity 1482K, committed 1536K, reserved 1048576K
Event: 43.535 GC heap after
Heap after GC invocations=51 (full 0):
 PSYoungGen      total 16384K, used 32K [0x00000000eb400000, 0x00000000ec500000, 0x0000000100000000)
  eden space 15872K, 0% used [0x00000000eb400000,0x00000000eb400000,0x00000000ec380000)
  from space 512K, 6% used [0x00000000ec400000,0x00000000ec408000,0x00000000ec480000)
  to   space 512K, 0% used [0x00000000ec480000,0x00000000ec480000,0x00000000ec500000)
 ParOldGen       total 44032K, used 2261K [0x00000000c1c00000, 0x00000000c4700000, 0x00000000eb400000)
  object space 44032K, 5% used [0x00000000c1c00000,0x00000000c1e35738,0x00000000c4700000)
 Metaspace       used 11922K, capacity 12102K, committed 12288K, reserved 1060864K
  class space    used 1409K, capacity 1482K, committed 1536K, reserved 1048576K
}
Event: 43.895 GC heap before
{Heap before GC invocations=52 (full 0):
 PSYoungGen      total 16384K, used 15904K [0x00000000eb400000, 0x00000000ec500000, 0x0000000100000000)
  eden space 15872K, 100% used [0x00000000eb400000,0x00000000ec380000,0x00000000ec380000)
  from space 512K, 6% used [0x00000000ec400000,0x00000000ec408000,0x00000000ec480000)
  to   space 512K, 0% used [0x00000000ec480000,0x00000000ec480000,0x00000000ec500000)
 ParOldGen       total 44032K, used 2261K [0x00000000c1c00000, 0x00000000c4700000, 0x00000000eb400000)
  object space 44032K, 5% used [0x00000000c1c00000,0x00000000c1e35738,0x00000000c4700000)
 Metaspace       used 11922K, capacity 12102K, committed 12288K, reserved 1060864K
  class space    used 1409K, capacity 1482K, committed 1536K, reserved 1048576K
Event: 43.896 GC heap after
Heap after GC invocations=52 (full 0):
 PSYoungGen      total 16384K, used 64K [0x00000000eb400000, 0x00000000ec500000, 0x0000000100000000)
  eden space 15872K, 0% used [0x00000000eb400000,0x00000000eb400000,0x00000000ec380000)
  from space 512K, 12% used [0x00000000ec480000,0x00000000ec490000,0x00000000ec500000)
  to   space 512K, 0% used [0x00000000ec400000,0x00000000ec400000,0x00000000ec480000)
 ParOldGen       total 44032K, used 2261K [0x00000000c1c00000, 0x00000000c4700000, 0x00000000eb400000)
  object space 44032K, 5% used [0x00000000c1c00000,0x00000000c1e35738,0x00000000c4700000)
 Metaspace       used 11922K, capacity 12102K, committed 12288K, reserved 1060864K
  class space    used 1409K, capacity 1482K, committed 1536K, reserved 1048576K
}
Event: 44.267 GC heap before
{Heap before GC invocations=53 (full 0):
 PSYoungGen      total 16384K, used 15936K [0x00000000eb400000, 0x00000000ec500000, 0x0000000100000000)
  eden space 15872K, 100% used [0x00000000eb400000,0x00000000ec380000,0x00000000ec380000)
  from space 512K, 12% used [0x00000000ec480000,0x00000000ec490000,0x00000000ec500000)
  to   space 512K, 0% used [0x00000000ec400000,0x00000000ec400000,0x00000000ec480000)
 ParOldGen       total 44032K, used 2261K [0x00000000c1c00000, 0x00000000c4700000, 0x00000000eb400000)
  object space 44032K, 5% used [0x00000000c1c00000,0x00000000c1e35738,0x00000000c4700000)
 Metaspace       used 11922K, capacity 12102K, committed 12288K, reserved 1060864K
  class space    used 1409K, capacity 1482K, committed 1536K, reserved 1048576K
Event: 44.267 GC heap after
Heap after GC invocations=53 (full 0):
 PSYoungGen      total 16384K, used 64K [0x00000000eb400000, 0x00000000ec500000, 0x0000000100000000)
  eden space 15872K, 0% used [0x00000000eb400000,0x00000000eb400000,0x00000000ec380000)
  from space 512K, 12% used [0x00000000ec400000,0x00000000ec410000,0x00000000ec480000)
  to   space 512K, 0% used [0x00000000ec480000,0x00000000ec480000,0x00000000ec500000)
 ParOldGen       total 44032K, used 2261K [0x00000000c1c00000, 0x00000000c4700000, 0x00000000eb400000)
  object space 44032K, 5% used [0x00000000c1c00000,0x00000000c1e35738,0x00000000c4700000)
 Metaspace       used 11922K, capacity 12102K, committed 12288K, reserved 1060864K
  class space    used 1409K, capacity 1482K, committed 1536K, reserved 1048576K
}

